<?xml version="1.0" encoding="UTF-8"?>
<testsuite xmlns:xsi="http://www.w3.org/2001/XMLSchema-instance" xsi:noNamespaceSchemaLocation="https://maven.apache.org/surefire/maven-surefire-plugin/xsd/surefire-test-report.xsd" name="io.microsamples.integrations.soap.CxfStarterApplicationTests" time="10.133" tests="3" errors="0" skipped="0" failures="0">
  <properties>
    <property name="gopherProxySet" value="false"/>
    <property name="awt.toolkit" value="sun.lwawt.macosx.LWCToolkit"/>
    <property name="file.encoding.pkg" value="sun.io"/>
    <property name="java.specification.version" value="1.8"/>
    <property name="sun.cpu.isalist" value=""/>
    <property name="sun.jnu.encoding" value="UTF-8"/>
    <property name="java.class.path" value="/Users/ashumilov/projects/jpmc/starter/holidays/target/test-classes:/Users/ashumilov/projects/jpmc/starter/holidays/target/classes:/Users/ashumilov/.m2/repository/org/springframework/boot/spring-boot-autoconfigure/2.0.2.RELEASE/spring-boot-autoconfigure-2.0.2.RELEASE.jar:/Users/ashumilov/.m2/repository/org/springframework/boot/spring-boot/2.0.2.RELEASE/spring-boot-2.0.2.RELEASE.jar:/Users/ashumilov/.m2/repository/org/springframework/spring-context/5.0.6.RELEASE/spring-context-5.0.6.RELEASE.jar:/Users/ashumilov/.m2/repository/org/springframework/spring-aop/5.0.6.RELEASE/spring-aop-5.0.6.RELEASE.jar:/Users/ashumilov/.m2/repository/org/springframework/spring-beans/5.0.6.RELEASE/spring-beans-5.0.6.RELEASE.jar:/Users/ashumilov/.m2/repository/org/springframework/spring-expression/5.0.6.RELEASE/spring-expression-5.0.6.RELEASE.jar:/Users/ashumilov/.m2/repository/org/apache/cxf/cxf-spring-boot-starter-jaxws/3.2.4/cxf-spring-boot-starter-jaxws-3.2.4.jar:/Users/ashumilov/.m2/repository/org/springframework/boot/spring-boot-starter/2.0.2.RELEASE/spring-boot-starter-2.0.2.RELEASE.jar:/Users/ashumilov/.m2/repository/org/springframework/boot/spring-boot-starter-logging/2.0.2.RELEASE/spring-boot-starter-logging-2.0.2.RELEASE.jar:/Users/ashumilov/.m2/repository/ch/qos/logback/logback-classic/1.2.3/logback-classic-1.2.3.jar:/Users/ashumilov/.m2/repository/ch/qos/logback/logback-core/1.2.3/logback-core-1.2.3.jar:/Users/ashumilov/.m2/repository/org/apache/logging/log4j/log4j-to-slf4j/2.10.0/log4j-to-slf4j-2.10.0.jar:/Users/ashumilov/.m2/repository/org/apache/logging/log4j/log4j-api/2.10.0/log4j-api-2.10.0.jar:/Users/ashumilov/.m2/repository/org/slf4j/jul-to-slf4j/1.7.25/jul-to-slf4j-1.7.25.jar:/Users/ashumilov/.m2/repository/javax/annotation/javax.annotation-api/1.3.2/javax.annotation-api-1.3.2.jar:/Users/ashumilov/.m2/repository/org/yaml/snakeyaml/1.19/snakeyaml-1.19.jar:/Users/ashumilov/.m2/repository/org/springframework/boot/spring-boot-starter-web/2.0.2.RELEASE/spring-boot-starter-web-2.0.2.RELEASE.jar:/Users/ashumilov/.m2/repository/org/springframework/boot/spring-boot-starter-json/2.0.2.RELEASE/spring-boot-starter-json-2.0.2.RELEASE.jar:/Users/ashumilov/.m2/repository/com/fasterxml/jackson/datatype/jackson-datatype-jdk8/2.9.5/jackson-datatype-jdk8-2.9.5.jar:/Users/ashumilov/.m2/repository/com/fasterxml/jackson/datatype/jackson-datatype-jsr310/2.9.5/jackson-datatype-jsr310-2.9.5.jar:/Users/ashumilov/.m2/repository/com/fasterxml/jackson/module/jackson-module-parameter-names/2.9.5/jackson-module-parameter-names-2.9.5.jar:/Users/ashumilov/.m2/repository/org/springframework/boot/spring-boot-starter-tomcat/2.0.2.RELEASE/spring-boot-starter-tomcat-2.0.2.RELEASE.jar:/Users/ashumilov/.m2/repository/org/apache/tomcat/embed/tomcat-embed-core/8.5.31/tomcat-embed-core-8.5.31.jar:/Users/ashumilov/.m2/repository/org/apache/tomcat/embed/tomcat-embed-el/8.5.31/tomcat-embed-el-8.5.31.jar:/Users/ashumilov/.m2/repository/org/apache/tomcat/embed/tomcat-embed-websocket/8.5.31/tomcat-embed-websocket-8.5.31.jar:/Users/ashumilov/.m2/repository/org/hibernate/validator/hibernate-validator/6.0.9.Final/hibernate-validator-6.0.9.Final.jar:/Users/ashumilov/.m2/repository/org/jboss/logging/jboss-logging/3.3.2.Final/jboss-logging-3.3.2.Final.jar:/Users/ashumilov/.m2/repository/com/fasterxml/classmate/1.3.4/classmate-1.3.4.jar:/Users/ashumilov/.m2/repository/org/springframework/spring-web/5.0.6.RELEASE/spring-web-5.0.6.RELEASE.jar:/Users/ashumilov/.m2/repository/org/springframework/spring-webmvc/5.0.6.RELEASE/spring-webmvc-5.0.6.RELEASE.jar:/Users/ashumilov/.m2/repository/org/apache/cxf/cxf-spring-boot-autoconfigure/3.2.4/cxf-spring-boot-autoconfigure-3.2.4.jar:/Users/ashumilov/.m2/repository/org/apache/cxf/cxf-rt-transports-http/3.2.4/cxf-rt-transports-http-3.2.4.jar:/Users/ashumilov/.m2/repository/org/apache/cxf/cxf-rt-frontend-jaxws/3.2.4/cxf-rt-frontend-jaxws-3.2.4.jar:/Users/ashumilov/.m2/repository/xml-resolver/xml-resolver/1.2/xml-resolver-1.2.jar:/Users/ashumilov/.m2/repository/org/ow2/asm/asm/5.2/asm-5.2.jar:/Users/ashumilov/.m2/repository/org/apache/cxf/cxf-rt-bindings-soap/3.2.4/cxf-rt-bindings-soap-3.2.4.jar:/Users/ashumilov/.m2/repository/org/apache/cxf/cxf-rt-wsdl/3.2.4/cxf-rt-wsdl-3.2.4.jar:/Users/ashumilov/.m2/repository/wsdl4j/wsdl4j/1.6.3/wsdl4j-1.6.3.jar:/Users/ashumilov/.m2/repository/org/apache/cxf/cxf-rt-databinding-jaxb/3.2.4/cxf-rt-databinding-jaxb-3.2.4.jar:/Users/ashumilov/.m2/repository/org/apache/cxf/cxf-rt-bindings-xml/3.2.4/cxf-rt-bindings-xml-3.2.4.jar:/Users/ashumilov/.m2/repository/org/apache/cxf/cxf-rt-frontend-simple/3.2.4/cxf-rt-frontend-simple-3.2.4.jar:/Users/ashumilov/.m2/repository/org/apache/cxf/cxf-rt-ws-addr/3.2.4/cxf-rt-ws-addr-3.2.4.jar:/Users/ashumilov/.m2/repository/org/apache/cxf/cxf-rt-ws-policy/3.2.4/cxf-rt-ws-policy-3.2.4.jar:/Users/ashumilov/.m2/repository/org/apache/neethi/neethi/3.1.1/neethi-3.1.1.jar:/Users/ashumilov/.m2/repository/javax/validation/validation-api/2.0.1.Final/validation-api-2.0.1.Final.jar:/Users/ashumilov/.m2/repository/org/apache/cxf/cxf-rt-features-logging/3.2.4/cxf-rt-features-logging-3.2.4.jar:/Users/ashumilov/.m2/repository/org/apache/cxf/cxf-core/3.2.4/cxf-core-3.2.4.jar:/Users/ashumilov/.m2/repository/com/fasterxml/woodstox/woodstox-core/5.0.3/woodstox-core-5.0.3.jar:/Users/ashumilov/.m2/repository/org/codehaus/woodstox/stax2-api/3.1.4/stax2-api-3.1.4.jar:/Users/ashumilov/.m2/repository/org/apache/ws/xmlschema/xmlschema-core/2.2.3/xmlschema-core-2.2.3.jar:/Users/ashumilov/.m2/repository/org/slf4j/slf4j-api/1.7.25/slf4j-api-1.7.25.jar:/Users/ashumilov/.m2/repository/org/projectlombok/lombok/1.16.20/lombok-1.16.20.jar:/Users/ashumilov/.m2/repository/org/springframework/boot/spring-boot-starter-test/2.0.2.RELEASE/spring-boot-starter-test-2.0.2.RELEASE.jar:/Users/ashumilov/.m2/repository/org/springframework/boot/spring-boot-test/2.0.2.RELEASE/spring-boot-test-2.0.2.RELEASE.jar:/Users/ashumilov/.m2/repository/org/springframework/boot/spring-boot-test-autoconfigure/2.0.2.RELEASE/spring-boot-test-autoconfigure-2.0.2.RELEASE.jar:/Users/ashumilov/.m2/repository/com/jayway/jsonpath/json-path/2.4.0/json-path-2.4.0.jar:/Users/ashumilov/.m2/repository/net/minidev/json-smart/2.3/json-smart-2.3.jar:/Users/ashumilov/.m2/repository/net/minidev/accessors-smart/1.2/accessors-smart-1.2.jar:/Users/ashumilov/.m2/repository/junit/junit/4.12/junit-4.12.jar:/Users/ashumilov/.m2/repository/org/assertj/assertj-core/3.9.1/assertj-core-3.9.1.jar:/Users/ashumilov/.m2/repository/org/mockito/mockito-core/2.15.0/mockito-core-2.15.0.jar:/Users/ashumilov/.m2/repository/net/bytebuddy/byte-buddy/1.7.11/byte-buddy-1.7.11.jar:/Users/ashumilov/.m2/repository/net/bytebuddy/byte-buddy-agent/1.7.11/byte-buddy-agent-1.7.11.jar:/Users/ashumilov/.m2/repository/org/objenesis/objenesis/2.6/objenesis-2.6.jar:/Users/ashumilov/.m2/repository/org/hamcrest/hamcrest-core/1.3/hamcrest-core-1.3.jar:/Users/ashumilov/.m2/repository/org/hamcrest/hamcrest-library/1.3/hamcrest-library-1.3.jar:/Users/ashumilov/.m2/repository/org/skyscreamer/jsonassert/1.5.0/jsonassert-1.5.0.jar:/Users/ashumilov/.m2/repository/com/vaadin/external/google/android-json/0.0.20131108.vaadin1/android-json-0.0.20131108.vaadin1.jar:/Users/ashumilov/.m2/repository/org/springframework/spring-core/5.0.6.RELEASE/spring-core-5.0.6.RELEASE.jar:/Users/ashumilov/.m2/repository/org/springframework/spring-jcl/5.0.6.RELEASE/spring-jcl-5.0.6.RELEASE.jar:/Users/ashumilov/.m2/repository/org/springframework/spring-test/5.0.6.RELEASE/spring-test-5.0.6.RELEASE.jar:/Users/ashumilov/.m2/repository/org/xmlunit/xmlunit-core/2.5.1/xmlunit-core-2.5.1.jar:/Users/ashumilov/.m2/repository/com/github/tomakehurst/wiremock/2.18.0/wiremock-2.18.0.jar:/Users/ashumilov/.m2/repository/org/eclipse/jetty/jetty-server/9.4.10.v20180503/jetty-server-9.4.10.v20180503.jar:/Users/ashumilov/.m2/repository/javax/servlet/javax.servlet-api/3.1.0/javax.servlet-api-3.1.0.jar:/Users/ashumilov/.m2/repository/org/eclipse/jetty/jetty-http/9.4.10.v20180503/jetty-http-9.4.10.v20180503.jar:/Users/ashumilov/.m2/repository/org/eclipse/jetty/jetty-io/9.4.10.v20180503/jetty-io-9.4.10.v20180503.jar:/Users/ashumilov/.m2/repository/org/eclipse/jetty/jetty-servlet/9.4.10.v20180503/jetty-servlet-9.4.10.v20180503.jar:/Users/ashumilov/.m2/repository/org/eclipse/jetty/jetty-security/9.4.10.v20180503/jetty-security-9.4.10.v20180503.jar:/Users/ashumilov/.m2/repository/org/eclipse/jetty/jetty-servlets/9.4.10.v20180503/jetty-servlets-9.4.10.v20180503.jar:/Users/ashumilov/.m2/repository/org/eclipse/jetty/jetty-continuation/9.4.10.v20180503/jetty-continuation-9.4.10.v20180503.jar:/Users/ashumilov/.m2/repository/org/eclipse/jetty/jetty-util/9.4.10.v20180503/jetty-util-9.4.10.v20180503.jar:/Users/ashumilov/.m2/repository/org/eclipse/jetty/jetty-webapp/9.4.10.v20180503/jetty-webapp-9.4.10.v20180503.jar:/Users/ashumilov/.m2/repository/org/eclipse/jetty/jetty-xml/9.4.10.v20180503/jetty-xml-9.4.10.v20180503.jar:/Users/ashumilov/.m2/repository/com/google/guava/guava/20.0/guava-20.0.jar:/Users/ashumilov/.m2/repository/com/fasterxml/jackson/core/jackson-core/2.9.5/jackson-core-2.9.5.jar:/Users/ashumilov/.m2/repository/com/fasterxml/jackson/core/jackson-annotations/2.9.0/jackson-annotations-2.9.0.jar:/Users/ashumilov/.m2/repository/com/fasterxml/jackson/core/jackson-databind/2.9.5/jackson-databind-2.9.5.jar:/Users/ashumilov/.m2/repository/org/apache/httpcomponents/httpclient/4.5.5/httpclient-4.5.5.jar:/Users/ashumilov/.m2/repository/org/apache/httpcomponents/httpcore/4.4.9/httpcore-4.4.9.jar:/Users/ashumilov/.m2/repository/commons-codec/commons-codec/1.11/commons-codec-1.11.jar:/Users/ashumilov/.m2/repository/org/xmlunit/xmlunit-legacy/2.5.1/xmlunit-legacy-2.5.1.jar:/Users/ashumilov/.m2/repository/net/sf/jopt-simple/jopt-simple/5.0.3/jopt-simple-5.0.3.jar:/Users/ashumilov/.m2/repository/org/apache/commons/commons-lang3/3.7/commons-lang3-3.7.jar:/Users/ashumilov/.m2/repository/com/flipkart/zjsonpatch/zjsonpatch/0.4.4/zjsonpatch-0.4.4.jar:/Users/ashumilov/.m2/repository/com/github/jknack/handlebars/4.0.6/handlebars-4.0.6.jar:/Users/ashumilov/.m2/repository/org/antlr/antlr4-runtime/4.5.1-1/antlr4-runtime-4.5.1-1.jar:/Users/ashumilov/.m2/repository/com/github/jknack/handlebars-helpers/4.0.6/handlebars-helpers-4.0.6.jar:"/>
    <property name="java.vm.vendor" value="Oracle Corporation"/>
    <property name="sun.arch.data.model" value="64"/>
    <property name="java.vendor.url" value="http://java.oracle.com/"/>
    <property name="user.timezone" value=""/>
    <property name="java.vm.specification.version" value="1.8"/>
    <property name="os.name" value="Mac OS X"/>
    <property name="user.country" value="US"/>
    <property name="sun.java.launcher" value="SUN_STANDARD"/>
    <property name="sun.boot.library.path" value="/Library/Java/JavaVirtualMachines/jdk1.8.0_92.jdk/Contents/Home/jre/lib"/>
    <property name="sun.java.command" value="/Users/ashumilov/projects/jpmc/starter/holidays/target/surefire/surefirebooter9025785847734909512.jar /Users/ashumilov/projects/jpmc/starter/holidays/target/surefire 2018-06-12T14-13-31_166-jvmRun1 surefire7833043119886770055tmp surefire_01686423722896805712tmp"/>
    <property name="http.nonProxyHosts" value="local|*.local|169.254/16|*.169.254/16"/>
    <property name="surefire.test.class.path" value="/Users/ashumilov/projects/jpmc/starter/holidays/target/test-classes:/Users/ashumilov/projects/jpmc/starter/holidays/target/classes:/Users/ashumilov/.m2/repository/org/springframework/boot/spring-boot-autoconfigure/2.0.2.RELEASE/spring-boot-autoconfigure-2.0.2.RELEASE.jar:/Users/ashumilov/.m2/repository/org/springframework/boot/spring-boot/2.0.2.RELEASE/spring-boot-2.0.2.RELEASE.jar:/Users/ashumilov/.m2/repository/org/springframework/spring-context/5.0.6.RELEASE/spring-context-5.0.6.RELEASE.jar:/Users/ashumilov/.m2/repository/org/springframework/spring-aop/5.0.6.RELEASE/spring-aop-5.0.6.RELEASE.jar:/Users/ashumilov/.m2/repository/org/springframework/spring-beans/5.0.6.RELEASE/spring-beans-5.0.6.RELEASE.jar:/Users/ashumilov/.m2/repository/org/springframework/spring-expression/5.0.6.RELEASE/spring-expression-5.0.6.RELEASE.jar:/Users/ashumilov/.m2/repository/org/apache/cxf/cxf-spring-boot-starter-jaxws/3.2.4/cxf-spring-boot-starter-jaxws-3.2.4.jar:/Users/ashumilov/.m2/repository/org/springframework/boot/spring-boot-starter/2.0.2.RELEASE/spring-boot-starter-2.0.2.RELEASE.jar:/Users/ashumilov/.m2/repository/org/springframework/boot/spring-boot-starter-logging/2.0.2.RELEASE/spring-boot-starter-logging-2.0.2.RELEASE.jar:/Users/ashumilov/.m2/repository/ch/qos/logback/logback-classic/1.2.3/logback-classic-1.2.3.jar:/Users/ashumilov/.m2/repository/ch/qos/logback/logback-core/1.2.3/logback-core-1.2.3.jar:/Users/ashumilov/.m2/repository/org/apache/logging/log4j/log4j-to-slf4j/2.10.0/log4j-to-slf4j-2.10.0.jar:/Users/ashumilov/.m2/repository/org/apache/logging/log4j/log4j-api/2.10.0/log4j-api-2.10.0.jar:/Users/ashumilov/.m2/repository/org/slf4j/jul-to-slf4j/1.7.25/jul-to-slf4j-1.7.25.jar:/Users/ashumilov/.m2/repository/javax/annotation/javax.annotation-api/1.3.2/javax.annotation-api-1.3.2.jar:/Users/ashumilov/.m2/repository/org/yaml/snakeyaml/1.19/snakeyaml-1.19.jar:/Users/ashumilov/.m2/repository/org/springframework/boot/spring-boot-starter-web/2.0.2.RELEASE/spring-boot-starter-web-2.0.2.RELEASE.jar:/Users/ashumilov/.m2/repository/org/springframework/boot/spring-boot-starter-json/2.0.2.RELEASE/spring-boot-starter-json-2.0.2.RELEASE.jar:/Users/ashumilov/.m2/repository/com/fasterxml/jackson/datatype/jackson-datatype-jdk8/2.9.5/jackson-datatype-jdk8-2.9.5.jar:/Users/ashumilov/.m2/repository/com/fasterxml/jackson/datatype/jackson-datatype-jsr310/2.9.5/jackson-datatype-jsr310-2.9.5.jar:/Users/ashumilov/.m2/repository/com/fasterxml/jackson/module/jackson-module-parameter-names/2.9.5/jackson-module-parameter-names-2.9.5.jar:/Users/ashumilov/.m2/repository/org/springframework/boot/spring-boot-starter-tomcat/2.0.2.RELEASE/spring-boot-starter-tomcat-2.0.2.RELEASE.jar:/Users/ashumilov/.m2/repository/org/apache/tomcat/embed/tomcat-embed-core/8.5.31/tomcat-embed-core-8.5.31.jar:/Users/ashumilov/.m2/repository/org/apache/tomcat/embed/tomcat-embed-el/8.5.31/tomcat-embed-el-8.5.31.jar:/Users/ashumilov/.m2/repository/org/apache/tomcat/embed/tomcat-embed-websocket/8.5.31/tomcat-embed-websocket-8.5.31.jar:/Users/ashumilov/.m2/repository/org/hibernate/validator/hibernate-validator/6.0.9.Final/hibernate-validator-6.0.9.Final.jar:/Users/ashumilov/.m2/repository/org/jboss/logging/jboss-logging/3.3.2.Final/jboss-logging-3.3.2.Final.jar:/Users/ashumilov/.m2/repository/com/fasterxml/classmate/1.3.4/classmate-1.3.4.jar:/Users/ashumilov/.m2/repository/org/springframework/spring-web/5.0.6.RELEASE/spring-web-5.0.6.RELEASE.jar:/Users/ashumilov/.m2/repository/org/springframework/spring-webmvc/5.0.6.RELEASE/spring-webmvc-5.0.6.RELEASE.jar:/Users/ashumilov/.m2/repository/org/apache/cxf/cxf-spring-boot-autoconfigure/3.2.4/cxf-spring-boot-autoconfigure-3.2.4.jar:/Users/ashumilov/.m2/repository/org/apache/cxf/cxf-rt-transports-http/3.2.4/cxf-rt-transports-http-3.2.4.jar:/Users/ashumilov/.m2/repository/org/apache/cxf/cxf-rt-frontend-jaxws/3.2.4/cxf-rt-frontend-jaxws-3.2.4.jar:/Users/ashumilov/.m2/repository/xml-resolver/xml-resolver/1.2/xml-resolver-1.2.jar:/Users/ashumilov/.m2/repository/org/ow2/asm/asm/5.2/asm-5.2.jar:/Users/ashumilov/.m2/repository/org/apache/cxf/cxf-rt-bindings-soap/3.2.4/cxf-rt-bindings-soap-3.2.4.jar:/Users/ashumilov/.m2/repository/org/apache/cxf/cxf-rt-wsdl/3.2.4/cxf-rt-wsdl-3.2.4.jar:/Users/ashumilov/.m2/repository/wsdl4j/wsdl4j/1.6.3/wsdl4j-1.6.3.jar:/Users/ashumilov/.m2/repository/org/apache/cxf/cxf-rt-databinding-jaxb/3.2.4/cxf-rt-databinding-jaxb-3.2.4.jar:/Users/ashumilov/.m2/repository/org/apache/cxf/cxf-rt-bindings-xml/3.2.4/cxf-rt-bindings-xml-3.2.4.jar:/Users/ashumilov/.m2/repository/org/apache/cxf/cxf-rt-frontend-simple/3.2.4/cxf-rt-frontend-simple-3.2.4.jar:/Users/ashumilov/.m2/repository/org/apache/cxf/cxf-rt-ws-addr/3.2.4/cxf-rt-ws-addr-3.2.4.jar:/Users/ashumilov/.m2/repository/org/apache/cxf/cxf-rt-ws-policy/3.2.4/cxf-rt-ws-policy-3.2.4.jar:/Users/ashumilov/.m2/repository/org/apache/neethi/neethi/3.1.1/neethi-3.1.1.jar:/Users/ashumilov/.m2/repository/javax/validation/validation-api/2.0.1.Final/validation-api-2.0.1.Final.jar:/Users/ashumilov/.m2/repository/org/apache/cxf/cxf-rt-features-logging/3.2.4/cxf-rt-features-logging-3.2.4.jar:/Users/ashumilov/.m2/repository/org/apache/cxf/cxf-core/3.2.4/cxf-core-3.2.4.jar:/Users/ashumilov/.m2/repository/com/fasterxml/woodstox/woodstox-core/5.0.3/woodstox-core-5.0.3.jar:/Users/ashumilov/.m2/repository/org/codehaus/woodstox/stax2-api/3.1.4/stax2-api-3.1.4.jar:/Users/ashumilov/.m2/repository/org/apache/ws/xmlschema/xmlschema-core/2.2.3/xmlschema-core-2.2.3.jar:/Users/ashumilov/.m2/repository/org/slf4j/slf4j-api/1.7.25/slf4j-api-1.7.25.jar:/Users/ashumilov/.m2/repository/org/projectlombok/lombok/1.16.20/lombok-1.16.20.jar:/Users/ashumilov/.m2/repository/org/springframework/boot/spring-boot-starter-test/2.0.2.RELEASE/spring-boot-starter-test-2.0.2.RELEASE.jar:/Users/ashumilov/.m2/repository/org/springframework/boot/spring-boot-test/2.0.2.RELEASE/spring-boot-test-2.0.2.RELEASE.jar:/Users/ashumilov/.m2/repository/org/springframework/boot/spring-boot-test-autoconfigure/2.0.2.RELEASE/spring-boot-test-autoconfigure-2.0.2.RELEASE.jar:/Users/ashumilov/.m2/repository/com/jayway/jsonpath/json-path/2.4.0/json-path-2.4.0.jar:/Users/ashumilov/.m2/repository/net/minidev/json-smart/2.3/json-smart-2.3.jar:/Users/ashumilov/.m2/repository/net/minidev/accessors-smart/1.2/accessors-smart-1.2.jar:/Users/ashumilov/.m2/repository/junit/junit/4.12/junit-4.12.jar:/Users/ashumilov/.m2/repository/org/assertj/assertj-core/3.9.1/assertj-core-3.9.1.jar:/Users/ashumilov/.m2/repository/org/mockito/mockito-core/2.15.0/mockito-core-2.15.0.jar:/Users/ashumilov/.m2/repository/net/bytebuddy/byte-buddy/1.7.11/byte-buddy-1.7.11.jar:/Users/ashumilov/.m2/repository/net/bytebuddy/byte-buddy-agent/1.7.11/byte-buddy-agent-1.7.11.jar:/Users/ashumilov/.m2/repository/org/objenesis/objenesis/2.6/objenesis-2.6.jar:/Users/ashumilov/.m2/repository/org/hamcrest/hamcrest-core/1.3/hamcrest-core-1.3.jar:/Users/ashumilov/.m2/repository/org/hamcrest/hamcrest-library/1.3/hamcrest-library-1.3.jar:/Users/ashumilov/.m2/repository/org/skyscreamer/jsonassert/1.5.0/jsonassert-1.5.0.jar:/Users/ashumilov/.m2/repository/com/vaadin/external/google/android-json/0.0.20131108.vaadin1/android-json-0.0.20131108.vaadin1.jar:/Users/ashumilov/.m2/repository/org/springframework/spring-core/5.0.6.RELEASE/spring-core-5.0.6.RELEASE.jar:/Users/ashumilov/.m2/repository/org/springframework/spring-jcl/5.0.6.RELEASE/spring-jcl-5.0.6.RELEASE.jar:/Users/ashumilov/.m2/repository/org/springframework/spring-test/5.0.6.RELEASE/spring-test-5.0.6.RELEASE.jar:/Users/ashumilov/.m2/repository/org/xmlunit/xmlunit-core/2.5.1/xmlunit-core-2.5.1.jar:/Users/ashumilov/.m2/repository/com/github/tomakehurst/wiremock/2.18.0/wiremock-2.18.0.jar:/Users/ashumilov/.m2/repository/org/eclipse/jetty/jetty-server/9.4.10.v20180503/jetty-server-9.4.10.v20180503.jar:/Users/ashumilov/.m2/repository/javax/servlet/javax.servlet-api/3.1.0/javax.servlet-api-3.1.0.jar:/Users/ashumilov/.m2/repository/org/eclipse/jetty/jetty-http/9.4.10.v20180503/jetty-http-9.4.10.v20180503.jar:/Users/ashumilov/.m2/repository/org/eclipse/jetty/jetty-io/9.4.10.v20180503/jetty-io-9.4.10.v20180503.jar:/Users/ashumilov/.m2/repository/org/eclipse/jetty/jetty-servlet/9.4.10.v20180503/jetty-servlet-9.4.10.v20180503.jar:/Users/ashumilov/.m2/repository/org/eclipse/jetty/jetty-security/9.4.10.v20180503/jetty-security-9.4.10.v20180503.jar:/Users/ashumilov/.m2/repository/org/eclipse/jetty/jetty-servlets/9.4.10.v20180503/jetty-servlets-9.4.10.v20180503.jar:/Users/ashumilov/.m2/repository/org/eclipse/jetty/jetty-continuation/9.4.10.v20180503/jetty-continuation-9.4.10.v20180503.jar:/Users/ashumilov/.m2/repository/org/eclipse/jetty/jetty-util/9.4.10.v20180503/jetty-util-9.4.10.v20180503.jar:/Users/ashumilov/.m2/repository/org/eclipse/jetty/jetty-webapp/9.4.10.v20180503/jetty-webapp-9.4.10.v20180503.jar:/Users/ashumilov/.m2/repository/org/eclipse/jetty/jetty-xml/9.4.10.v20180503/jetty-xml-9.4.10.v20180503.jar:/Users/ashumilov/.m2/repository/com/google/guava/guava/20.0/guava-20.0.jar:/Users/ashumilov/.m2/repository/com/fasterxml/jackson/core/jackson-core/2.9.5/jackson-core-2.9.5.jar:/Users/ashumilov/.m2/repository/com/fasterxml/jackson/core/jackson-annotations/2.9.0/jackson-annotations-2.9.0.jar:/Users/ashumilov/.m2/repository/com/fasterxml/jackson/core/jackson-databind/2.9.5/jackson-databind-2.9.5.jar:/Users/ashumilov/.m2/repository/org/apache/httpcomponents/httpclient/4.5.5/httpclient-4.5.5.jar:/Users/ashumilov/.m2/repository/org/apache/httpcomponents/httpcore/4.4.9/httpcore-4.4.9.jar:/Users/ashumilov/.m2/repository/commons-codec/commons-codec/1.11/commons-codec-1.11.jar:/Users/ashumilov/.m2/repository/org/xmlunit/xmlunit-legacy/2.5.1/xmlunit-legacy-2.5.1.jar:/Users/ashumilov/.m2/repository/net/sf/jopt-simple/jopt-simple/5.0.3/jopt-simple-5.0.3.jar:/Users/ashumilov/.m2/repository/org/apache/commons/commons-lang3/3.7/commons-lang3-3.7.jar:/Users/ashumilov/.m2/repository/com/flipkart/zjsonpatch/zjsonpatch/0.4.4/zjsonpatch-0.4.4.jar:/Users/ashumilov/.m2/repository/com/github/jknack/handlebars/4.0.6/handlebars-4.0.6.jar:/Users/ashumilov/.m2/repository/org/antlr/antlr4-runtime/4.5.1-1/antlr4-runtime-4.5.1-1.jar:/Users/ashumilov/.m2/repository/com/github/jknack/handlebars-helpers/4.0.6/handlebars-helpers-4.0.6.jar:"/>
    <property name="sun.cpu.endian" value="little"/>
    <property name="user.home" value="/Users/ashumilov"/>
    <property name="user.language" value="en"/>
    <property name="java.specification.vendor" value="Oracle Corporation"/>
    <property name="java.home" value="/Library/Java/JavaVirtualMachines/jdk1.8.0_92.jdk/Contents/Home/jre"/>
    <property name="basedir" value="/Users/ashumilov/projects/jpmc/starter/holidays"/>
    <property name="file.separator" value="/"/>
    <property name="line.separator" value="&#10;"/>
    <property name="java.vm.specification.vendor" value="Oracle Corporation"/>
    <property name="java.specification.name" value="Java Platform API Specification"/>
    <property name="java.awt.graphicsenv" value="sun.awt.CGraphicsEnvironment"/>
    <property name="surefire.real.class.path" value="/Users/ashumilov/projects/jpmc/starter/holidays/target/surefire/surefirebooter9025785847734909512.jar"/>
    <property name="sun.boot.class.path" value="/Library/Java/JavaVirtualMachines/jdk1.8.0_92.jdk/Contents/Home/jre/lib/resources.jar:/Library/Java/JavaVirtualMachines/jdk1.8.0_92.jdk/Contents/Home/jre/lib/rt.jar:/Library/Java/JavaVirtualMachines/jdk1.8.0_92.jdk/Contents/Home/jre/lib/sunrsasign.jar:/Library/Java/JavaVirtualMachines/jdk1.8.0_92.jdk/Contents/Home/jre/lib/jsse.jar:/Library/Java/JavaVirtualMachines/jdk1.8.0_92.jdk/Contents/Home/jre/lib/jce.jar:/Library/Java/JavaVirtualMachines/jdk1.8.0_92.jdk/Contents/Home/jre/lib/charsets.jar:/Library/Java/JavaVirtualMachines/jdk1.8.0_92.jdk/Contents/Home/jre/lib/jfr.jar:/Library/Java/JavaVirtualMachines/jdk1.8.0_92.jdk/Contents/Home/jre/classes"/>
    <property name="sun.management.compiler" value="HotSpot 64-Bit Tiered Compilers"/>
    <property name="ftp.nonProxyHosts" value="local|*.local|169.254/16|*.169.254/16"/>
    <property name="java.runtime.version" value="1.8.0_92-b14"/>
    <property name="user.name" value="ashumilov"/>
    <property name="path.separator" value=":"/>
    <property name="os.version" value="10.11.6"/>
    <property name="java.endorsed.dirs" value="/Library/Java/JavaVirtualMachines/jdk1.8.0_92.jdk/Contents/Home/jre/lib/endorsed"/>
    <property name="java.runtime.name" value="Java(TM) SE Runtime Environment"/>
    <property name="file.encoding" value="UTF-8"/>
    <property name="java.vm.name" value="Java HotSpot(TM) 64-Bit Server VM"/>
    <property name="localRepository" value="/Users/ashumilov/.m2/repository"/>
    <property name="java.vendor.url.bug" value="http://bugreport.sun.com/bugreport/"/>
    <property name="java.io.tmpdir" value="/var/folders/x4/rh8grl3x1s782hfjj7c59dcw0000gn/T/"/>
    <property name="java.version" value="1.8.0_92"/>
    <property name="user.dir" value="/Users/ashumilov/projects/jpmc/starter/holidays"/>
    <property name="os.arch" value="x86_64"/>
    <property name="java.vm.specification.name" value="Java Virtual Machine Specification"/>
    <property name="java.awt.printerjob" value="sun.lwawt.macosx.CPrinterJob"/>
    <property name="sun.os.patch.level" value="unknown"/>
    <property name="java.library.path" value="/Users/ashumilov/Library/Java/Extensions:/Library/Java/Extensions:/Network/Library/Java/Extensions:/System/Library/Java/Extensions:/usr/lib/java:."/>
    <property name="java.vm.info" value="mixed mode"/>
    <property name="java.vendor" value="Oracle Corporation"/>
    <property name="java.vm.version" value="25.92-b14"/>
    <property name="java.ext.dirs" value="/Users/ashumilov/Library/Java/Extensions:/Library/Java/JavaVirtualMachines/jdk1.8.0_92.jdk/Contents/Home/jre/lib/ext:/Library/Java/Extensions:/Network/Library/Java/Extensions:/System/Library/Java/Extensions:/usr/lib/java"/>
    <property name="sun.io.unicode.encoding" value="UnicodeBig"/>
    <property name="java.class.version" value="52.0"/>
    <property name="socksNonProxyHosts" value="local|*.local|169.254/16|*.169.254/16"/>
  </properties>
  <testcase name="shouldCallWeatherServiceUsingBootService" classname="io.microsamples.integrations.soap.CxfStarterApplicationTests" time="0.962"/>
  <testcase name="shouldCallHolidayDate" classname="io.microsamples.integrations.soap.CxfStarterApplicationTests" time="6.501"/>
  <testcase name="shouldCallWithoutSpringBoot" classname="io.microsamples.integrations.soap.CxfStarterApplicationTests" time="0.76"/>
</testsuite>